[debug] [2021-03-23T18:33:16.708Z] ----------------------------------------------------------------------
[debug] [2021-03-23T18:33:16.710Z] Command:       C:\Program Files\nodejs\node.exe C:\Users\vyashb\AppData\Roaming\npm\node_modules\firebase-tools\lib\bin\firebase.js init
[debug] [2021-03-23T18:33:16.711Z] CLI Version:   9.3.0
[debug] [2021-03-23T18:33:16.711Z] Platform:      win32
[debug] [2021-03-23T18:33:16.711Z] Node Version:  v14.15.4
[debug] [2021-03-23T18:33:16.715Z] Time:          Tue Mar 23 2021 19:33:16 GMT+0100 (Central European Standard Time)
[debug] [2021-03-23T18:33:16.715Z] ----------------------------------------------------------------------
[debug] [2021-03-23T18:33:16.715Z] 
[debug] [2021-03-23T18:33:16.726Z] >>> [apiv2][query] GET https://firebase-public.firebaseio.com/cli.json [none]
[debug] [2021-03-23T18:33:16.757Z] > command requires scopes: ["email","openid","https://www.googleapis.com/auth/cloudplatformprojects.readonly","https://www.googleapis.com/auth/firebase","https://www.googleapis.com/auth/cloud-platform"]
[debug] [2021-03-23T18:33:16.759Z] > authorizing via signed-in user
[info] 
     ######## #### ########  ######## ########     ###     ######  ########
     ##        ##  ##     ## ##       ##     ##  ##   ##  ##       ##
     ######    ##  ########  ######   ########  #########  ######  ######
     ##        ##  ##    ##  ##       ##     ## ##     ##       ## ##
     ##       #### ##     ## ######## ########  ##     ##  ######  ########

You're about to initialize a Firebase project in this directory:

  D:\Projects\getawaycheck.com-admin

[debug] [2021-03-23T18:33:17.392Z] <<< [apiv2][status] GET https://firebase-public.firebaseio.com/cli.json 200
[debug] [2021-03-23T18:33:17.394Z] <<< [apiv2][body] GET https://firebase-public.firebaseio.com/cli.json {"cloudBuildErrorAfter":1594252800000,"cloudBuildWarnAfter":1590019200000,"defaultNode10After":1594252800000,"minVersion":"3.0.5","node8DeploysDisabledAfter":1613390400000,"node8RuntimeDisabledAfter":1615809600000,"node8WarnAfter":1600128000000}
